<?xml version="1.0" encoding="UTF-8"?>
<!-- Generated by org.testng.reporters.JUnitReportReporter -->
<testsuite hostname="user" failures="0" tests="1" name="factorialAssignment.testCase2" time="0.770" errors="0" timestamp="2020-10-06T02:02:38 EDT" skipped="0">
  <testcase classname="factorialAssignment.testCase2" name="testChars" time="0.770"/>
  <system-out/>
</testsuite> <!-- factorialAssignment.testCase2 -->
