<?xml version="1.0" encoding="UTF-8"?>
<!-- Generated by org.testng.reporters.JUnitReportReporter -->
<testsuite hostname="user" failures="0" tests="1" name="factorialAssignment.testCase1" time="0.303" errors="0" timestamp="2020-10-06T02:21:20 EDT" skipped="0">
  <testcase classname="factorialAssignment.testCase1" name="testZero" time="0.303"/>
  <system-out/>
</testsuite> <!-- factorialAssignment.testCase1 -->
